<?xml version="1.0" encoding="UTF-8"?>
<testsuites name="jest tests" tests="2" failures="0" errors="0" time="2.559">
  <testsuite name="SignUpPage.vue" errors="0" failures="0" skipped="0" timestamp="2024-03-21T15:33:41" time="1.407" tests="2">
    <testcase classname="SignUpPage.vue renders the signup page" name="SignUpPage.vue renders the signup page" time="0.236">
    </testcase>
    <testcase classname="SignUpPage.vue allows input to be set" name="SignUpPage.vue allows input to be set" time="0.058">
    </testcase>
  </testsuite>
</testsuites>